# JRE version: OpenJDK Runtime Environment (7.0_65-b32) (build 1.7.0_65-b32)
# Java VM: OpenJDK 64-Bit Server VM (24.65-b04 mixed mode linux-amd64 compressed oops)
Heap
 PSYoungGen      total 16384K, used 1390K [0x00000000ebd00000, 0x00000000ece00000, 0x0000000100000000)
  eden space 15872K, 8% used [0x00000000ebd00000,0x00000000ebe439a0,0x00000000ecc80000)
  from space 512K, 18% used [0x00000000ecd80000,0x00000000ecd98000,0x00000000ece00000)
  to   space 512K, 0% used [0x00000000ecd00000,0x00000000ecd00000,0x00000000ecd80000)
 ParOldGen       total 40960K, used 1385K [0x00000000c3800000, 0x00000000c6000000, 0x00000000ebd00000)
  object space 40960K, 3% used [0x00000000c3800000,0x00000000c395a568,0x00000000c6000000)
 PSPermGen       total 21504K, used 11489K [0x00000000b9200000, 0x00000000ba700000, 0x00000000c3800000)
  object space 21504K, 53% used [0x00000000b9200000,0x00000000b9d38568,0x00000000ba700000)
GC Heap History (10 events):
Event: 59125,089 GC heap before
{Heap before GC invocations=36 (full 0):
 PSYoungGen      total 16896K, used 15936K [0x00000000ebd00000, 0x00000000ece80000, 0x0000000100000000)
  eden space 15872K, 100% used [0x00000000ebd00000,0x00000000ecc80000,0x00000000ecc80000)
  from space 1024K, 6% used [0x00000000ecc80000,0x00000000ecc90000,0x00000000ecd80000)
  to   space 1024K, 0% used [0x00000000ecd80000,0x00000000ecd80000,0x00000000ece80000)
 ParOldGen       total 40960K, used 1385K [0x00000000c3800000, 0x00000000c6000000, 0x00000000ebd00000)
  object space 40960K, 3% used [0x00000000c3800000,0x00000000c395a568,0x00000000c6000000)
 PSPermGen       total 21504K, used 11478K [0x00000000b9200000, 0x00000000ba700000, 0x00000000c3800000)
  object space 21504K, 53% used [0x00000000b9200000,0x00000000b9d35a38,0x00000000ba700000)
Event: 59125,090 GC heap after
Heap after GC invocations=36 (full 0):
 PSYoungGen      total 16896K, used 96K [0x00000000ebd00000, 0x00000000ece80000, 0x0000000100000000)
  eden space 15872K, 0% used [0x00000000ebd00000,0x00000000ebd00000,0x00000000ecc80000)
  from space 1024K, 9% used [0x00000000ecd80000,0x00000000ecd98000,0x00000000ece80000)
  to   space 1024K, 0% used [0x00000000ecc80000,0x00000000ecc80000,0x00000000ecd80000)
 ParOldGen       total 40960K, used 1385K [0x00000000c3800000, 0x00000000c6000000, 0x00000000ebd00000)
  object space 40960K, 3% used [0x00000000c3800000,0x00000000c395a568,0x00000000c6000000)
 PSPermGen       total 21504K, used 11478K [0x00000000b9200000, 0x00000000ba700000, 0x00000000c3800000)
  object space 21504K, 53% used [0x00000000b9200000,0x00000000b9d35a38,0x00000000ba700000)
}
Event: 60770,734 GC heap before
{Heap before GC invocations=37 (full 0):
 PSYoungGen      total 16896K, used 15968K [0x00000000ebd00000, 0x00000000ece80000, 0x0000000100000000)
  eden space 15872K, 100% used [0x00000000ebd00000,0x00000000ecc80000,0x00000000ecc80000)
  from space 1024K, 9% used [0x00000000ecd80000,0x00000000ecd98000,0x00000000ece80000)
  to   space 1024K, 0% used [0x00000000ecc80000,0x00000000ecc80000,0x00000000ecd80000)
 ParOldGen       total 40960K, used 1385K [0x00000000c3800000, 0x00000000c6000000, 0x00000000ebd00000)
  object space 40960K, 3% used [0x00000000c3800000,0x00000000c395a568,0x00000000c6000000)
 PSPermGen       total 21504K, used 11478K [0x00000000b9200000, 0x00000000ba700000, 0x00000000c3800000)
  object space 21504K, 53% used [0x00000000b9200000,0x00000000b9d35a38,0x00000000ba700000)
Event: 60770,734 GC heap after
Heap after GC invocations=37 (full 0):
 PSYoungGen      total 16896K, used 96K [0x00000000ebd00000, 0x00000000ece80000, 0x0000000100000000)
  eden space 15872K, 0% used [0x00000000ebd00000,0x00000000ebd00000,0x00000000ecc80000)
  from space 1024K, 9% used [0x00000000ecc80000,0x00000000ecc98000,0x00000000ecd80000)
  to   space 1024K, 0% used [0x00000000ecd80000,0x00000000ecd80000,0x00000000ece80000)
 ParOldGen       total 40960K, used 1385K [0x00000000c3800000, 0x00000000c6000000, 0x00000000ebd00000)
  object space 40960K, 3% used [0x00000000c3800000,0x00000000c395a568,0x00000000c6000000)
 PSPermGen       total 21504K, used 11478K [0x00000000b9200000, 0x00000000ba700000, 0x00000000c3800000)
  object space 21504K, 53% used [0x00000000b9200000,0x00000000b9d35a38,0x00000000ba700000)
}
Event: 62453,379 GC heap before
{Heap before GC invocations=38 (full 0):
 PSYoungGen      total 16896K, used 15968K [0x00000000ebd00000, 0x00000000ece80000, 0x0000000100000000)
  eden space 15872K, 100% used [0x00000000ebd00000,0x00000000ecc80000,0x00000000ecc80000)
  from space 1024K, 9% used [0x00000000ecc80000,0x00000000ecc98000,0x00000000ecd80000)
  to   space 1024K, 0% used [0x00000000ecd80000,0x00000000ecd80000,0x00000000ece80000)
 ParOldGen       total 40960K, used 1385K [0x00000000c3800000, 0x00000000c6000000, 0x00000000ebd00000)
  object space 40960K, 3% used [0x00000000c3800000,0x00000000c395a568,0x00000000c6000000)
 PSPermGen       total 21504K, used 11478K [0x00000000b9200000, 0x00000000ba700000, 0x00000000c3800000)
  object space 21504K, 53% used [0x00000000b9200000,0x00000000b9d35a38,0x00000000ba700000)
Event: 62453,381 GC heap after
Heap after GC invocations=38 (full 0):
 PSYoungGen      total 16896K, used 96K [0x00000000ebd00000, 0x00000000ece80000, 0x0000000100000000)
  eden space 15872K, 0% used [0x00000000ebd00000,0x00000000ebd00000,0x00000000ecc80000)
  from space 1024K, 9% used [0x00000000ecd80000,0x00000000ecd98000,0x00000000ece80000)
  to   space 1024K, 0% used [0x00000000ecc80000,0x00000000ecc80000,0x00000000ecd80000)
 ParOldGen       total 40960K, used 1385K [0x00000000c3800000, 0x00000000c6000000, 0x00000000ebd00000)
  object space 40960K, 3% used [0x00000000c3800000,0x00000000c395a568,0x00000000c6000000)
 PSPermGen       total 21504K, used 11478K [0x00000000b9200000, 0x00000000ba700000, 0x00000000c3800000)
  object space 21504K, 53% used [0x00000000b9200000,0x00000000b9d35a38,0x00000000ba700000)
}
Event: 64099,022 GC heap before
{Heap before GC invocations=39 (full 0):
 PSYoungGen      total 16896K, used 15968K [0x00000000ebd00000, 0x00000000ece80000, 0x0000000100000000)
  eden space 15872K, 100% used [0x00000000ebd00000,0x00000000ecc80000,0x00000000ecc80000)
  from space 1024K, 9% used [0x00000000ecd80000,0x00000000ecd98000,0x00000000ece80000)
  to   space 1024K, 0% used [0x00000000ecc80000,0x00000000ecc80000,0x00000000ecd80000)
 ParOldGen       total 40960K, used 1385K [0x00000000c3800000, 0x00000000c6000000, 0x00000000ebd00000)
  object space 40960K, 3% used [0x00000000c3800000,0x00000000c395a568,0x00000000c6000000)
 PSPermGen       total 21504K, used 11478K [0x00000000b9200000, 0x00000000ba700000, 0x00000000c3800000)
  object space 21504K, 53% used [0x00000000b9200000,0x00000000b9d35a38,0x00000000ba700000)
Event: 64099,024 GC heap after
Heap after GC invocations=39 (full 0):
 PSYoungGen      total 16896K, used 64K [0x00000000ebd00000, 0x00000000ece00000, 0x0000000100000000)
  eden space 15872K, 0% used [0x00000000ebd00000,0x00000000ebd00000,0x00000000ecc80000)
  from space 1024K, 6% used [0x00000000ecc80000,0x00000000ecc90000,0x00000000ecd80000)
  to   space 512K, 0% used [0x00000000ecd80000,0x00000000ecd80000,0x00000000ece00000)
 ParOldGen       total 40960K, used 1385K [0x00000000c3800000, 0x00000000c6000000, 0x00000000ebd00000)
  object space 40960K, 3% used [0x00000000c3800000,0x00000000c395a568,0x00000000c6000000)
 PSPermGen       total 21504K, used 11478K [0x00000000b9200000, 0x00000000ba700000, 0x00000000c3800000)
  object space 21504K, 53% used [0x00000000b9200000,0x00000000b9d35a38,0x00000000ba700000)
}
Event: 65734,219 GC heap before
{Heap before GC invocations=40 (full 0):
 PSYoungGen      total 16896K, used 15936K [0x00000000ebd00000, 0x00000000ece00000, 0x0000000100000000)
  eden space 15872K, 100% used [0x00000000ebd00000,0x00000000ecc80000,0x00000000ecc80000)
  from space 1024K, 6% used [0x00000000ecc80000,0x00000000ecc90000,0x00000000ecd80000)
  to   space 512K, 0% used [0x00000000ecd80000,0x00000000ecd80000,0x00000000ece00000)
 ParOldGen       total 40960K, used 1385K [0x00000000c3800000, 0x00000000c6000000, 0x00000000ebd00000)
  object space 40960K, 3% used [0x00000000c3800000,0x00000000c395a568,0x00000000c6000000)
 PSPermGen       total 21504K, used 11478K [0x00000000b9200000, 0x00000000ba700000, 0x00000000c3800000)
  object space 21504K, 53% used [0x00000000b9200000,0x00000000b9d35a38,0x00000000ba700000)
Event: 65734,220 GC heap after
Heap after GC invocations=40 (full 0):
 PSYoungGen      total 16384K, used 96K [0x00000000ebd00000, 0x00000000ece00000, 0x0000000100000000)
  eden space 15872K, 0% used [0x00000000ebd00000,0x00000000ebd00000,0x00000000ecc80000)
  from space 512K, 18% used [0x00000000ecd80000,0x00000000ecd98000,0x00000000ece00000)
  to   space 512K, 0% used [0x00000000ecd00000,0x00000000ecd00000,0x00000000ecd80000)
 ParOldGen       total 40960K, used 1385K [0x00000000c3800000, 0x00000000c6000000, 0x00000000ebd00000)
  object space 40960K, 3% used [0x00000000c3800000,0x00000000c395a568,0x00000000c6000000)
 PSPermGen       total 21504K, used 11478K [0x00000000b9200000, 0x00000000ba700000, 0x00000000c3800000)
  object space 21504K, 53% used [0x00000000b9200000,0x00000000b9d35a38,0x00000000ba700000)
}

